<?xml version="1.0" encoding="UTF-8"?>
<testsuites>
  <testsuite name="" tests="19" assertions="39" errors="0" warnings="0" failures="0" skipped="0" time="0.036096">
    <testsuite name="Project Test Suite" tests="19" assertions="39" errors="0" warnings="0" failures="0" skipped="0" time="0.036096">
      <testsuite name="App\Card\CardGraphicTest" file="/home/pau/dbwebb-kurser/mvc/me/report/tests/Card/CardGraphicTest.php" tests="1" assertions="2" errors="0" warnings="0" failures="0" skipped="0" time="0.005877">
        <testcase name="testCreateObject" class="App\Card\CardGraphicTest" classname="App.Card.CardGraphicTest" file="/home/pau/dbwebb-kurser/mvc/me/report/tests/Card/CardGraphicTest.php" line="15" assertions="2" time="0.005877"/>
      </testsuite>
      <testsuite name="App\Card\CardHandTest" file="/home/pau/dbwebb-kurser/mvc/me/report/tests/Card/CardHandTest.php" tests="4" assertions="6" errors="0" warnings="0" failures="0" skipped="0" time="0.001561">
        <testcase name="testCreateObject" class="App\Card\CardHandTest" classname="App.Card.CardHandTest" file="/home/pau/dbwebb-kurser/mvc/me/report/tests/Card/CardHandTest.php" line="15" assertions="1" time="0.000762"/>
        <testcase name="testAddCard" class="App\Card\CardHandTest" classname="App.Card.CardHandTest" file="/home/pau/dbwebb-kurser/mvc/me/report/tests/Card/CardHandTest.php" line="24" assertions="2" time="0.000278"/>
        <testcase name="testGetSuitsAndValues" class="App\Card\CardHandTest" classname="App.Card.CardHandTest" file="/home/pau/dbwebb-kurser/mvc/me/report/tests/Card/CardHandTest.php" line="42" assertions="2" time="0.000255"/>
        <testcase name="testGetPoints" class="App\Card\CardHandTest" classname="App.Card.CardHandTest" file="/home/pau/dbwebb-kurser/mvc/me/report/tests/Card/CardHandTest.php" line="63" assertions="1" time="0.000267"/>
      </testsuite>
      <testsuite name="App\Card\CardTest" file="/home/pau/dbwebb-kurser/mvc/me/report/tests/Card/CardTest.php" tests="1" assertions="3" errors="0" warnings="0" failures="0" skipped="0" time="0.000249">
        <testcase name="testCreateObject" class="App\Card\CardTest" classname="App.Card.CardTest" file="/home/pau/dbwebb-kurser/mvc/me/report/tests/Card/CardTest.php" line="15" assertions="3" time="0.000249"/>
      </testsuite>
      <testsuite name="App\Card\DeckOfCardsTest" file="/home/pau/dbwebb-kurser/mvc/me/report/tests/Card/DeckOfCardsTest.php" tests="4" assertions="8" errors="0" warnings="0" failures="0" skipped="0" time="0.013949">
        <testcase name="testCreateObject" class="App\Card\DeckOfCardsTest" classname="App.Card.DeckOfCardsTest" file="/home/pau/dbwebb-kurser/mvc/me/report/tests/Card/DeckOfCardsTest.php" line="15" assertions="1" time="0.000965"/>
        <testcase name="testgetDeck" class="App\Card\DeckOfCardsTest" classname="App.Card.DeckOfCardsTest" file="/home/pau/dbwebb-kurser/mvc/me/report/tests/Card/DeckOfCardsTest.php" line="24" assertions="2" time="0.000780"/>
        <testcase name="testShuffle" class="App\Card\DeckOfCardsTest" classname="App.Card.DeckOfCardsTest" file="/home/pau/dbwebb-kurser/mvc/me/report/tests/Card/DeckOfCardsTest.php" line="38" assertions="2" time="0.011583"/>
        <testcase name="testdrawCards" class="App\Card\DeckOfCardsTest" classname="App.Card.DeckOfCardsTest" file="/home/pau/dbwebb-kurser/mvc/me/report/tests/Card/DeckOfCardsTest.php" line="58" assertions="3" time="0.000621"/>
      </testsuite>
      <testsuite name="App\Card\GameLogicTest" file="/home/pau/dbwebb-kurser/mvc/me/report/tests/Card/GameLogicTest.php" tests="6" assertions="14" errors="0" warnings="0" failures="0" skipped="0" time="0.013211">
        <testcase name="testCreateObject" class="App\Card\GameLogicTest" classname="App.Card.GameLogicTest" file="/home/pau/dbwebb-kurser/mvc/me/report/tests/Card/GameLogicTest.php" line="15" assertions="3" time="0.000925"/>
        <testcase name="testShuffleDeck" class="App\Card\GameLogicTest" classname="App.Card.GameLogicTest" file="/home/pau/dbwebb-kurser/mvc/me/report/tests/Card/GameLogicTest.php" line="30" assertions="1" time="0.009981"/>
        <testcase name="testDraw" class="App\Card\GameLogicTest" classname="App.Card.GameLogicTest" file="/home/pau/dbwebb-kurser/mvc/me/report/tests/Card/GameLogicTest.php" line="42" assertions="4" time="0.000636"/>
        <testcase name="testLimit" class="App\Card\GameLogicTest" classname="App.Card.GameLogicTest" file="/home/pau/dbwebb-kurser/mvc/me/report/tests/Card/GameLogicTest.php" line="62" assertions="2" time="0.000852"/>
        <testcase name="testGetWinner" class="App\Card\GameLogicTest" classname="App.Card.GameLogicTest" file="/home/pau/dbwebb-kurser/mvc/me/report/tests/Card/GameLogicTest.php" line="73" assertions="3" time="0.000447"/>
        <testcase name="testGameOver" class="App\Card\GameLogicTest" classname="App.Card.GameLogicTest" file="/home/pau/dbwebb-kurser/mvc/me/report/tests/Card/GameLogicTest.php" line="107" assertions="1" time="0.000370"/>
      </testsuite>
      <testsuite name="App\Card\PlayerTest" file="/home/pau/dbwebb-kurser/mvc/me/report/tests/Card/PlayerTest.php" tests="2" assertions="4" errors="0" warnings="0" failures="0" skipped="0" time="0.000525">
        <testcase name="testCreateObject" class="App\Card\PlayerTest" classname="App.Card.PlayerTest" file="/home/pau/dbwebb-kurser/mvc/me/report/tests/Card/PlayerTest.php" line="15" assertions="2" time="0.000257"/>
        <testcase name="testPlayerHand" class="App\Card\PlayerTest" classname="App.Card.PlayerTest" file="/home/pau/dbwebb-kurser/mvc/me/report/tests/Card/PlayerTest.php" line="27" assertions="2" time="0.000268"/>
      </testsuite>
      <testsuite name="App\Dice\DiceTest" file="/home/pau/dbwebb-kurser/mvc/me/report/tests/Dice/DiceTest.php" tests="1" assertions="2" errors="0" warnings="0" failures="0" skipped="0" time="0.000723">
        <testcase name="testCreateDice" class="App\Dice\DiceTest" classname="App.Dice.DiceTest" file="/home/pau/dbwebb-kurser/mvc/me/report/tests/Dice/DiceTest.php" line="16" assertions="2" time="0.000723"/>
      </testsuite>
    </testsuite>
  </testsuite>
</testsuites>
